<?xml version="1.0" encoding="UTF-8"?>
<testsuite xmlns:xsi="http://www.w3.org/2001/XMLSchema-instance" xsi:noNamespaceSchemaLocation="https://maven.apache.org/surefire/maven-surefire-plugin/xsd/surefire-test-report.xsd" version="3.0.2" name="org.example.CalculatorTest" time="0.077" tests="6" errors="0" skipped="0" failures="0">
  <properties>
[...]
</properties>
  <testcase name="addTwoPositiveNumbers" classname="org.example.CalculatorTest" time="0.028"/>
  <testcase name="subtractTwoNumbers" classname="org.example.CalculatorTest" time="0.001"/>
  <testcase name="divideTwoNumbers" classname="org.example.CalculatorTest" time="0.003"/>
  <testcase name="multiplyTwoNumbers" classname="org.example.CalculatorTest" time="0.003"/>
  <testcase name="powerReturnsCorrectResult" classname="org.example.CalculatorTest" time="0.001"/>
  <testcase name="divideByZeroThrowsException" classname="org.example.CalculatorTest" time="0.003"/>
</testsuite>